[debug] ----------------------------------------------------------------------
[debug] Command:      C:\Program Files\nodejs\node.exe C:\Users\Sancho-Pancho\AppData\Roaming\npm\node_modules\firebase-tools\bin\firebase serve
[debug] CLI Version:  3.0.8
[debug] Platform:     win32
[debug] Node Version: v4.5.0
[debug] Time:         Mon Oct 17 2016 21:50:31 GMT+0700 (Russia TZ 6 Standard Time)
[debug] ----------------------------------------------------------------------
[debug] 
[info] Starting Firebase development server...
[info] 
[info] Project Directory: C:\Users\Sancho-Pancho\Desktop\LeanClean
[info] Public Directory: ./
[info] 
[info] Server listening at: http://localhost:5000
[debug] ----------------------------------------------------------------------
[debug] Command:      C:\Program Files\nodejs\node.exe C:\Users\Sancho-Pancho\AppData\Roaming\npm\node_modules\firebase-tools\bin\firebase serve
[debug] CLI Version:  3.0.8
[debug] Platform:     win32
[debug] Node Version: v4.5.0
[debug] Time:         Tue Oct 18 2016 20:08:03 GMT+0700 (Russia TZ 6 Standard Time)
[debug] ----------------------------------------------------------------------
[debug] 
[info] Starting Firebase development server...
[info] 
[info] Project Directory: C:\Users\Sancho-Pancho\Desktop\LeanClean
[info] Public Directory: ./
[info] 
[info] Server listening at: http://localhost:5000
[debug] ----------------------------------------------------------------------
[debug] Command:      C:\Program Files\nodejs\node.exe C:\Users\Sancho-Pancho\AppData\Roaming\npm\node_modules\firebase-tools\bin\firebase serve
[debug] CLI Version:  3.0.8
[debug] Platform:     win32
[debug] Node Version: v4.5.0
[debug] Time:         Thu Oct 20 2016 14:31:40 GMT+0700 (Russia TZ 6 Standard Time)
[debug] ----------------------------------------------------------------------
[debug] 
[info] Starting Firebase development server...
[info] 
[info] Project Directory: C:\Users\Sancho-Pancho\Desktop\LeanClean
[info] Public Directory: ./
[info] 
[info] Server listening at: http://localhost:5000
